# JRE version: OpenJDK Runtime Environment (11.0.10) (build 11.0.10+0-b96-7249189)
# Java VM: OpenJDK 64-Bit Server VM (11.0.10+0-b96-7249189, mixed mode, tiered, compressed oops, g1 gc, windows-amd64)
Heap:
 garbage-first heap   total 520192K, used 366526K [0x0000000080000000, 0x0000000100000000)
  region size 1024K, 129 young (132096K), 17 survivors (17408K)
 Metaspace       used 130185K, capacity 133705K, committed 133964K, reserved 1165312K
  class space    used 16185K, capacity 17500K, committed 17536K, reserved 1048576K
GC Heap History (20 events):
Event: 2610.774 GC heap before
{Heap before GC invocations=83 (full 0):
 garbage-first heap   total 453632K, used 382344K [0x0000000080000000, 0x0000000100000000)
  region size 1024K, 158 young (161792K), 8 survivors (8192K)
 Metaspace       used 129340K, capacity 132664K, committed 132812K, reserved 1165312K
  class space    used 16095K, capacity 17345K, committed 17408K, reserved 1048576K
}
Event: 2610.786 GC heap after
{Heap after GC invocations=84 (full 0):
 garbage-first heap   total 453632K, used 231321K [0x0000000080000000, 0x0000000100000000)
  region size 1024K, 10 young (10240K), 10 survivors (10240K)
 Metaspace       used 129340K, capacity 132664K, committed 132812K, reserved 1165312K
  class space    used 16095K, capacity 17345K, committed 17408K, reserved 1048576K
}
Event: 2611.210 GC heap before
{Heap before GC invocations=84 (full 0):
 garbage-first heap   total 453632K, used 385945K [0x0000000080000000, 0x0000000100000000)
  region size 1024K, 161 young (164864K), 10 survivors (10240K)
 Metaspace       used 129350K, capacity 132728K, committed 132812K, reserved 1165312K
  class space    used 16095K, capacity 17345K, committed 17408K, reserved 1048576K
}
Event: 2611.222 GC heap after
{Heap after GC invocations=85 (full 0):
 garbage-first heap   total 453632K, used 231781K [0x0000000080000000, 0x0000000100000000)
  region size 1024K, 11 young (11264K), 11 survivors (11264K)
 Metaspace       used 129350K, capacity 132728K, committed 132812K, reserved 1165312K
  class space    used 16095K, capacity 17345K, committed 17408K, reserved 1048576K
}
Event: 2611.780 GC heap before
{Heap before GC invocations=85 (full 0):
 garbage-first heap   total 453632K, used 390501K [0x0000000080000000, 0x0000000100000000)
  region size 1024K, 166 young (169984K), 11 survivors (11264K)
 Metaspace       used 129455K, capacity 132876K, committed 133068K, reserved 1165312K
  class space    used 16098K, capacity 17349K, committed 17408K, reserved 1048576K
}
Event: 2611.798 GC heap after
{Heap after GC invocations=86 (full 0):
 garbage-first heap   total 453632K, used 232345K [0x0000000080000000, 0x0000000100000000)
  region size 1024K, 11 young (11264K), 11 survivors (11264K)
 Metaspace       used 129455K, capacity 132876K, committed 133068K, reserved 1165312K
  class space    used 16098K, capacity 17349K, committed 17408K, reserved 1048576K
}
Event: 2612.483 GC heap before
{Heap before GC invocations=86 (full 0):
 garbage-first heap   total 453632K, used 393113K [0x0000000080000000, 0x0000000100000000)
  region size 1024K, 167 young (171008K), 11 survivors (11264K)
 Metaspace       used 129849K, capacity 133342K, committed 133452K, reserved 1165312K
  class space    used 16147K, capacity 17427K, committed 17536K, reserved 1048576K
}
Event: 2612.504 GC heap after
{Heap after GC invocations=87 (full 0):
 garbage-first heap   total 453632K, used 238459K [0x0000000080000000, 0x0000000100000000)
  region size 1024K, 17 young (17408K), 17 survivors (17408K)
 Metaspace       used 129849K, capacity 133342K, committed 133452K, reserved 1165312K
  class space    used 16147K, capacity 17427K, committed 17536K, reserved 1048576K
}
Event: 2613.024 GC heap before
{Heap before GC invocations=87 (full 0):
 garbage-first heap   total 453632K, used 387963K [0x0000000080000000, 0x0000000100000000)
  region size 1024K, 163 young (166912K), 17 survivors (17408K)
 Metaspace       used 129874K, capacity 133353K, committed 133708K, reserved 1165312K
  class space    used 16150K, capacity 17431K, committed 17536K, reserved 1048576K
}
Event: 2613.047 GC heap after
{Heap after GC invocations=88 (full 0):
 garbage-first heap   total 453632K, used 240620K [0x0000000080000000, 0x0000000100000000)
  region size 1024K, 14 young (14336K), 14 survivors (14336K)
 Metaspace       used 129874K, capacity 133353K, committed 133708K, reserved 1165312K
  class space    used 16150K, capacity 17431K, committed 17536K, reserved 1048576K
}
Event: 2613.520 GC heap before
{Heap before GC invocations=88 (full 0):
 garbage-first heap   total 453632K, used 387052K [0x0000000080000000, 0x0000000100000000)
  region size 1024K, 157 young (160768K), 14 survivors (14336K)
 Metaspace       used 129921K, capacity 133371K, committed 133708K, reserved 1165312K
  class space    used 16151K, capacity 17434K, committed 17536K, reserved 1048576K
}
Event: 2613.537 GC heap after
{Heap after GC invocations=89 (full 0):
 garbage-first heap   total 520192K, used 241424K [0x0000000080000000, 0x0000000100000000)
  region size 1024K, 9 young (9216K), 9 survivors (9216K)
 Metaspace       used 129921K, capacity 133371K, committed 133708K, reserved 1165312K
  class space    used 16151K, capacity 17434K, committed 17536K, reserved 1048576K
}
Event: 2615.320 GC heap before
{Heap before GC invocations=89 (full 0):
 garbage-first heap   total 520192K, used 448272K [0x0000000080000000, 0x0000000100000000)
  region size 1024K, 210 young (215040K), 9 survivors (9216K)
 Metaspace       used 130121K, capacity 133630K, committed 133708K, reserved 1165312K
  class space    used 16178K, capacity 17496K, committed 17536K, reserved 1048576K
}
Event: 2615.333 GC heap after
{Heap after GC invocations=90 (full 0):
 garbage-first heap   total 520192K, used 241899K [0x0000000080000000, 0x0000000100000000)
  region size 1024K, 10 young (10240K), 10 survivors (10240K)
 Metaspace       used 130121K, capacity 133630K, committed 133708K, reserved 1165312K
  class space    used 16178K, capacity 17496K, committed 17536K, reserved 1048576K
}
Event: 2616.919 GC heap before
{Heap before GC invocations=90 (full 0):
 garbage-first heap   total 520192K, used 445675K [0x0000000080000000, 0x0000000100000000)
  region size 1024K, 209 young (214016K), 10 survivors (10240K)
 Metaspace       used 130132K, capacity 133694K, committed 133964K, reserved 1165312K
  class space    used 16178K, capacity 17496K, committed 17536K, reserved 1048576K
}
Event: 2616.938 GC heap after
{Heap after GC invocations=91 (full 0):
 garbage-first heap   total 520192K, used 249457K [0x0000000080000000, 0x0000000100000000)
  region size 1024K, 17 young (17408K), 17 survivors (17408K)
 Metaspace       used 130132K, capacity 133694K, committed 133964K, reserved 1165312K
  class space    used 16178K, capacity 17496K, committed 17536K, reserved 1048576K
}
Event: 2618.020 GC heap before
{Heap before GC invocations=91 (full 0):
 garbage-first heap   total 520192K, used 441969K [0x0000000080000000, 0x0000000100000000)
  region size 1024K, 205 young (209920K), 17 survivors (17408K)
 Metaspace       used 130142K, capacity 133694K, committed 133964K, reserved 1165312K
  class space    used 16178K, capacity 17496K, committed 17536K, reserved 1048576K
}
Event: 2618.035 GC heap after
{Heap after GC invocations=92 (full 0):
 garbage-first heap   total 520192K, used 245694K [0x0000000080000000, 0x0000000100000000)
  region size 1024K, 10 young (10240K), 10 survivors (10240K)
 Metaspace       used 130142K, capacity 133694K, committed 133964K, reserved 1165312K
  class space    used 16178K, capacity 17496K, committed 17536K, reserved 1048576K
}
Event: 2618.698 GC heap before
{Heap before GC invocations=92 (full 0):
 garbage-first heap   total 520192K, used 445374K [0x0000000080000000, 0x0000000100000000)
  region size 1024K, 205 young (209920K), 10 survivors (10240K)
 Metaspace       used 130162K, capacity 133695K, committed 133964K, reserved 1165312K
  class space    used 16181K, capacity 17496K, committed 17536K, reserved 1048576K
}
Event: 2618.715 GC heap after
{Heap after GC invocations=93 (full 0):
 garbage-first heap   total 520192K, used 252862K [0x0000000080000000, 0x0000000100000000)
  region size 1024K, 17 young (17408K), 17 survivors (17408K)
 Metaspace       used 130162K, capacity 133695K, committed 133964K, reserved 1165312K
  class space    used 16181K, capacity 17496K, committed 17536K, reserved 1048576K
}

