# JRE version: OpenJDK Runtime Environment (11.0.10) (build 11.0.10+0-b96-7249189)
# Java VM: OpenJDK 64-Bit Server VM (11.0.10+0-b96-7249189, mixed mode, tiered, compressed oops, g1 gc, windows-amd64)
Heap:
 garbage-first heap   total 484352K, used 398683K [0x0000000080000000, 0x0000000100000000)
  region size 1024K, 53 young (54272K), 3 survivors (3072K)
 Metaspace       used 144964K, capacity 149393K, committed 149708K, reserved 1179648K
  class space    used 17939K, capacity 19588K, committed 19660K, reserved 1048576K
GC Heap History (20 events):
Event: 719.452 GC heap before
{Heap before GC invocations=100 (full 0):
 garbage-first heap   total 484352K, used 390144K [0x0000000080000000, 0x0000000100000000)
  region size 1024K, 107 young (109568K), 13 survivors (13312K)
 Metaspace       used 144146K, capacity 148508K, committed 148556K, reserved 1177600K
  class space    used 17868K, capacity 19508K, committed 19532K, reserved 1048576K
}
Event: 719.465 GC heap after
{Heap after GC invocations=101 (full 0):
 garbage-first heap   total 484352K, used 295615K [0x0000000080000000, 0x0000000100000000)
  region size 1024K, 7 young (7168K), 7 survivors (7168K)
 Metaspace       used 144146K, capacity 148508K, committed 148556K, reserved 1177600K
  class space    used 17868K, capacity 19508K, committed 19532K, reserved 1048576K
}
Event: 720.571 GC heap before
{Heap before GC invocations=101 (full 0):
 garbage-first heap   total 484352K, used 400063K [0x0000000080000000, 0x0000000100000000)
  region size 1024K, 104 young (106496K), 7 survivors (7168K)
 Metaspace       used 144914K, capacity 149315K, committed 149452K, reserved 1179648K
  class space    used 17935K, capacity 19584K, committed 19660K, reserved 1048576K
}
Event: 720.580 GC heap after
{Heap after GC invocations=102 (full 0):
 garbage-first heap   total 484352K, used 299052K [0x0000000080000000, 0x0000000100000000)
  region size 1024K, 9 young (9216K), 9 survivors (9216K)
 Metaspace       used 144914K, capacity 149315K, committed 149452K, reserved 1179648K
  class space    used 17935K, capacity 19584K, committed 19660K, reserved 1048576K
}
Event: 720.935 GC heap before
{Heap before GC invocations=102 (full 0):
 garbage-first heap   total 484352K, used 398380K [0x0000000080000000, 0x0000000100000000)
  region size 1024K, 107 young (109568K), 9 survivors (9216K)
 Metaspace       used 144934K, capacity 149315K, committed 149452K, reserved 1179648K
  class space    used 17936K, capacity 19584K, committed 19660K, reserved 1048576K
}
Event: 720.953 GC heap after
{Heap after GC invocations=103 (full 0):
 garbage-first heap   total 484352K, used 311087K [0x0000000080000000, 0x0000000100000000)
  region size 1024K, 14 young (14336K), 14 survivors (14336K)
 Metaspace       used 144934K, capacity 149315K, committed 149452K, reserved 1179648K
  class space    used 17936K, capacity 19584K, committed 19660K, reserved 1048576K
}
Event: 721.283 GC heap before
{Heap before GC invocations=103 (full 0):
 garbage-first heap   total 484352K, used 401199K [0x0000000080000000, 0x0000000100000000)
  region size 1024K, 102 young (104448K), 14 survivors (14336K)
 Metaspace       used 144939K, capacity 149379K, committed 149708K, reserved 1179648K
  class space    used 17936K, capacity 19584K, committed 19660K, reserved 1048576K
}
Event: 721.309 GC heap after
{Heap after GC invocations=104 (full 0):
 garbage-first heap   total 484352K, used 322560K [0x0000000080000000, 0x0000000100000000)
  region size 1024K, 13 young (13312K), 13 survivors (13312K)
 Metaspace       used 144939K, capacity 149379K, committed 149708K, reserved 1179648K
  class space    used 17936K, capacity 19584K, committed 19660K, reserved 1048576K
}
Event: 721.534 GC heap before
{Heap before GC invocations=104 (full 0):
 garbage-first heap   total 484352K, used 402432K [0x0000000080000000, 0x0000000100000000)
  region size 1024K, 91 young (93184K), 13 survivors (13312K)
 Metaspace       used 144940K, capacity 149379K, committed 149708K, reserved 1179648K
  class space    used 17936K, capacity 19584K, committed 19660K, reserved 1048576K
}
Event: 721.555 GC heap after
{Heap after GC invocations=105 (full 0):
 garbage-first heap   total 484352K, used 330224K [0x0000000080000000, 0x0000000100000000)
  region size 1024K, 7 young (7168K), 7 survivors (7168K)
 Metaspace       used 144940K, capacity 149379K, committed 149708K, reserved 1179648K
  class space    used 17936K, capacity 19584K, committed 19660K, reserved 1048576K
}
Event: 721.934 GC heap before
{Heap before GC invocations=105 (full 0):
 garbage-first heap   total 484352K, used 406000K [0x0000000080000000, 0x0000000100000000)
  region size 1024K, 82 young (83968K), 7 survivors (7168K)
 Metaspace       used 144946K, capacity 149385K, committed 149708K, reserved 1179648K
  class space    used 17937K, capacity 19586K, committed 19660K, reserved 1048576K
}
Event: 721.951 GC heap after
{Heap after GC invocations=106 (full 0):
 garbage-first heap   total 484352K, used 336781K [0x0000000080000000, 0x0000000100000000)
  region size 1024K, 7 young (7168K), 7 survivors (7168K)
 Metaspace       used 144946K, capacity 149385K, committed 149708K, reserved 1179648K
  class space    used 17937K, capacity 19586K, committed 19660K, reserved 1048576K
}
Event: 722.320 GC heap before
{Heap before GC invocations=106 (full 0):
 garbage-first heap   total 484352K, used 409485K [0x0000000080000000, 0x0000000100000000)
  region size 1024K, 78 young (79872K), 7 survivors (7168K)
 Metaspace       used 144949K, capacity 149388K, committed 149708K, reserved 1179648K
  class space    used 17938K, capacity 19587K, committed 19660K, reserved 1048576K
}
Event: 722.332 GC heap after
{Heap after GC invocations=107 (full 0):
 garbage-first heap   total 484352K, used 340732K [0x0000000080000000, 0x0000000100000000)
  region size 1024K, 4 young (4096K), 4 survivors (4096K)
 Metaspace       used 144949K, capacity 149388K, committed 149708K, reserved 1179648K
  class space    used 17938K, capacity 19587K, committed 19660K, reserved 1048576K
}
Event: 722.530 GC heap before
{Heap before GC invocations=107 (full 0):
 garbage-first heap   total 484352K, used 412412K [0x0000000080000000, 0x0000000100000000)
  region size 1024K, 75 young (76800K), 4 survivors (4096K)
 Metaspace       used 144956K, capacity 149389K, committed 149708K, reserved 1179648K
  class space    used 17939K, capacity 19587K, committed 19660K, reserved 1048576K
}
Event: 722.543 GC heap after
{Heap after GC invocations=108 (full 0):
 garbage-first heap   total 484352K, used 347136K [0x0000000080000000, 0x0000000100000000)
  region size 1024K, 10 young (10240K), 10 survivors (10240K)
 Metaspace       used 144956K, capacity 149389K, committed 149708K, reserved 1179648K
  class space    used 17939K, capacity 19587K, committed 19660K, reserved 1048576K
}
Event: 722.825 GC heap before
{Heap before GC invocations=108 (full 0):
 garbage-first heap   total 484352K, used 414720K [0x0000000080000000, 0x0000000100000000)
  region size 1024K, 77 young (78848K), 10 survivors (10240K)
 Metaspace       used 144959K, capacity 149392K, committed 149708K, reserved 1179648K
  class space    used 17939K, capacity 19588K, committed 19660K, reserved 1048576K
}
Event: 722.838 GC heap after
{Heap after GC invocations=109 (full 0):
 garbage-first heap   total 484352K, used 348635K [0x0000000080000000, 0x0000000100000000)
  region size 1024K, 2 young (2048K), 2 survivors (2048K)
 Metaspace       used 144959K, capacity 149392K, committed 149708K, reserved 1179648K
  class space    used 17939K, capacity 19588K, committed 19660K, reserved 1048576K
}
Event: 723.061 GC heap before
{Heap before GC invocations=109 (full 0):
 garbage-first heap   total 484352K, used 416219K [0x0000000080000000, 0x0000000100000000)
  region size 1024K, 69 young (70656K), 2 survivors (2048K)
 Metaspace       used 144959K, capacity 149392K, committed 149708K, reserved 1179648K
  class space    used 17939K, capacity 19588K, committed 19660K, reserved 1048576K
}
Event: 723.071 GC heap after
{Heap after GC invocations=110 (full 0):
 garbage-first heap   total 484352K, used 349531K [0x0000000080000000, 0x0000000100000000)
  region size 1024K, 3 young (3072K), 3 survivors (3072K)
 Metaspace       used 144959K, capacity 149392K, committed 149708K, reserved 1179648K
  class space    used 17939K, capacity 19588K, committed 19660K, reserved 1048576K
}

